0 info it worked if it ends with ok
1 verbose cli [ 'node', '/usr/local/bin/npm', 'publish' ]
2 info using npm@1.1.46
3 info using node@v0.8.5
4 verbose config file /Users/twilson63/.npmrc
5 verbose config file /usr/local/etc/npmrc
6 verbose config file /usr/local/lib/node_modules/npm/npmrc
7 verbose publish [ '.' ]
8 verbose read json /Users/twilson63/code/httpTime/package.json
9 verbose cache add [ '.', null ]
10 silly cache add name=undefined spec="." args=[".",null]
11 verbose parsed url { pathname: '.', path: '.', href: '.' }
12 silly lockFile 3a52ce78- .
13 verbose lock . /Users/twilson63/.npm/3a52ce78-.lock
14 verbose read json package.json
15 verbose tar pack [ '/var/folders/6m/8kkwqk753ws26x87vbh8z7l00000gn/T/npm-7595/1349049668358-0.16400847444310784/tmp.tgz',
15 verbose tar pack   '.' ]
16 verbose tarball /var/folders/6m/8kkwqk753ws26x87vbh8z7l00000gn/T/npm-7595/1349049668358-0.16400847444310784/tmp.tgz
17 verbose folder .
18 info prepublish httpTime@0.0.1
19 silly lockFile 08abc42b-8358-0-16400847444310784-tmp-tgz /var/folders/6m/8kkwqk753ws26x87vbh8z7l00000gn/T/npm-7595/1349049668358-0.16400847444310784/tmp.tgz
20 verbose lock /var/folders/6m/8kkwqk753ws26x87vbh8z7l00000gn/T/npm-7595/1349049668358-0.16400847444310784/tmp.tgz /Users/twilson63/.npm/08abc42b-8358-0-16400847444310784-tmp-tgz.lock
21 silly lockFile 08abc42b-8358-0-16400847444310784-tmp-tgz /var/folders/6m/8kkwqk753ws26x87vbh8z7l00000gn/T/npm-7595/1349049668358-0.16400847444310784/tmp.tgz
22 verbose tar unpack /var/folders/6m/8kkwqk753ws26x87vbh8z7l00000gn/T/npm-7595/1349049668358-0.16400847444310784/tmp.tgz
23 silly lockFile e46debbb-8358-0-16400847444310784-package /var/folders/6m/8kkwqk753ws26x87vbh8z7l00000gn/T/npm-7595/1349049668358-0.16400847444310784/package
24 verbose lock /var/folders/6m/8kkwqk753ws26x87vbh8z7l00000gn/T/npm-7595/1349049668358-0.16400847444310784/package /Users/twilson63/.npm/e46debbb-8358-0-16400847444310784-package.lock
25 silly gunzTarPerm modes [ '755', '644' ]
26 silly gunzTarPerm extractEntry package.json
27 silly gunzTarPerm extractEntry .npmignore
28 silly gunzTarPerm extractEntry index.js
29 silly gunzTarPerm extractEntry readme.md
30 verbose read json /var/folders/6m/8kkwqk753ws26x87vbh8z7l00000gn/T/npm-7595/1349049668358-0.16400847444310784/package/package.json
31 silly lockFile e46debbb-8358-0-16400847444310784-package /var/folders/6m/8kkwqk753ws26x87vbh8z7l00000gn/T/npm-7595/1349049668358-0.16400847444310784/package
32 verbose from cache /var/folders/6m/8kkwqk753ws26x87vbh8z7l00000gn/T/npm-7595/1349049668358-0.16400847444310784/package/package.json
33 verbose tar pack [ '/Users/twilson63/.npm/httpTime/0.0.1/package.tgz',
33 verbose tar pack   '/var/folders/6m/8kkwqk753ws26x87vbh8z7l00000gn/T/npm-7595/1349049668358-0.16400847444310784/package' ]
34 verbose tarball /Users/twilson63/.npm/httpTime/0.0.1/package.tgz
35 verbose folder /var/folders/6m/8kkwqk753ws26x87vbh8z7l00000gn/T/npm-7595/1349049668358-0.16400847444310784/package
36 silly lockFile aedd544c-3-npm-httpTime-0-0-1-package-tgz /Users/twilson63/.npm/httpTime/0.0.1/package.tgz
37 verbose lock /Users/twilson63/.npm/httpTime/0.0.1/package.tgz /Users/twilson63/.npm/aedd544c-3-npm-httpTime-0-0-1-package-tgz.lock
38 silly lockFile aedd544c-3-npm-httpTime-0-0-1-package-tgz /Users/twilson63/.npm/httpTime/0.0.1/package.tgz
39 silly lockFile e877fe1c-son63-npm-httpTime-0-0-1-package /Users/twilson63/.npm/httpTime/0.0.1/package
40 verbose lock /Users/twilson63/.npm/httpTime/0.0.1/package /Users/twilson63/.npm/e877fe1c-son63-npm-httpTime-0-0-1-package.lock
41 silly lockFile e877fe1c-son63-npm-httpTime-0-0-1-package /Users/twilson63/.npm/httpTime/0.0.1/package
42 verbose tar unpack /Users/twilson63/.npm/httpTime/0.0.1/package.tgz
43 silly lockFile e877fe1c-son63-npm-httpTime-0-0-1-package /Users/twilson63/.npm/httpTime/0.0.1/package
44 verbose lock /Users/twilson63/.npm/httpTime/0.0.1/package /Users/twilson63/.npm/e877fe1c-son63-npm-httpTime-0-0-1-package.lock
45 silly gunzTarPerm modes [ '755', '644' ]
46 silly gunzTarPerm extractEntry package.json
47 silly gunzTarPerm extractEntry .npmignore
48 silly gunzTarPerm extractEntry index.js
49 silly gunzTarPerm extractEntry readme.md
50 verbose read json /Users/twilson63/.npm/httpTime/0.0.1/package/package.json
51 silly lockFile e877fe1c-son63-npm-httpTime-0-0-1-package /Users/twilson63/.npm/httpTime/0.0.1/package
52 silly shasum updated bytes 952
53 info shasum 8dafb099a77689f20157f7d919306511316a2db0
53 info shasum /Users/twilson63/.npm/httpTime/0.0.1/package.tgz
54 verbose from cache /Users/twilson63/.npm/httpTime/0.0.1/package/package.json
55 verbose chmod /Users/twilson63/.npm/httpTime/0.0.1/package.tgz 644
56 verbose chown /Users/twilson63/.npm/httpTime/0.0.1/package.tgz [ 501, 20 ]
57 silly lockFile 3a52ce78- .
58 silly publish { name: 'httpTime',
58 silly publish   version: '0.0.1',
58 silly publish   description: 'A streaming time log library to capture/log the time of an http request.',
58 silly publish   main: 'index.js',
58 silly publish   scripts: { test: 'mocha' },
58 silly publish   repository: { type: 'git', url: 'git://github.com/twilson63/httpTime.git' },
58 silly publish   author: { name: 'Tom' },
58 silly publish   license: 'MIT',
58 silly publish   dependencies: { 'event-stream': '~3.0.7' },
58 silly publish   devDependencies: {},
58 silly publish   keywords: [ 'Streams', 'Req/Res', 'Time' ],
58 silly publish   readme: '# httpTime\n\nA stream module to capture and output the amount of time of a http request.\n\nUsing streams, you can pipe the request through the start and stop\nstreams to capture and log the time of the request.\n\n## Usage\n\n``` js\nvar http = require(\'http\'),\n  httpTime = require(\'httpTime\');\n\nhttp.createServer(function(req,res) {\n  req\n    .pipe(httpTime.start(req))\n    .pipe(...)\n    .pipe(httpTime.stop(req))\n    .pipe(res);\n}).listen(3000);\n```\nor with event-stream\n\n``` js\nvar http = require(\'http\'),\n  es = require(\'event-stream\'),\n  httpTime = require(\'httpTime\');\n\nhttp.createServer(function(req,res) {\n  es.pipeline(\n    req,\n    httpTime.start(req),\n    ...,\n    httpTime.stop(req),\n    res\n  );\n}).listen(3000);\n```\n\n\n',
58 silly publish   _id: 'httpTime@0.0.1',
58 silly publish   dist: { shasum: '8dafb099a77689f20157f7d919306511316a2db0' } }
59 verbose url raw httpTime
60 verbose url resolving [ 'https://registry.npmjs.org/', './httpTime' ]
61 verbose url resolved https://registry.npmjs.org/httpTime
62 info retry registry request attempt 1 at 20:01:10
63 http PUT https://registry.npmjs.org/httpTime
64 http 403 https://registry.npmjs.org/httpTime
65 error publish Failed PUT response 403
66 error Error: forbidden New packages must have all-lowercase names: httpTime
66 error     at RegClient.<anonymous> (/usr/local/lib/node_modules/npm/node_modules/npm-registry-client/lib/request.js:246:14)
66 error     at Request.init.self.callback (/usr/local/lib/node_modules/npm/node_modules/request/main.js:120:22)
66 error     at Request.EventEmitter.emit (events.js:91:17)
66 error     at Request.<anonymous> (/usr/local/lib/node_modules/npm/node_modules/request/main.js:555:16)
66 error     at Request.EventEmitter.emit (events.js:88:17)
66 error     at IncomingMessage.Request.start.self.req.self.httpModule.request.buffer (/usr/local/lib/node_modules/npm/node_modules/request/main.js:517:14)
66 error     at IncomingMessage.EventEmitter.emit (events.js:115:20)
66 error     at IncomingMessage._emitEnd (http.js:366:10)
66 error     at HTTPParser.parserOnMessageComplete [as onMessageComplete] (http.js:149:23)
66 error     at CleartextStream.socketOnData [as ondata] (http.js:1366:20)
67 error If you need help, you may report this log at:
67 error     <http://github.com/isaacs/npm/issues>
67 error or email it to:
67 error     <npm-@googlegroups.com>
68 error System Darwin 11.4.0
69 error command "node" "/usr/local/bin/npm" "publish"
70 error cwd /Users/twilson63/code/httpTime
71 error node -v v0.8.5
72 error npm -v 1.1.46
73 verbose exit [ 1, true ]
